-------------------------------------------------------------------------------
      name:  <unnamed>
       log:  C:\Users\Johanna Rayl\Dropbox\HPS\Data\Analysis\output\figures\dem
> and_est.smcl
  log type:  smcl
 opened on:  21 Jun 2017, 13:34:21
.         reg paid_once_share treat100 treat160 treat200 [aweight = population]
> , vce(cluster village)
(sum of wgt is   5.0600e+04)

Linear regression                               Number of obs     =        108
                                                F(3, 98)          =      15.01
                                                Prob > F          =     0.0000
                                                R-squared         =     0.1943
                                                Root MSE          =     .15018

                               (Std. Err. adjusted for 99 clusters in village)
------------------------------------------------------------------------------
             |               Robust
paid_once_~e |      Coef.   Std. Err.      t    P>|t|     [95% Conf. Interval]
-------------+----------------------------------------------------------------
    treat100 |    .156231   .0287955     5.43   0.000     .0990872    .2133747
    treat160 |   .0624922   .0146851     4.26   0.000     .0333502    .0916343
    treat200 |   .0073025   .0086086     0.85   0.398     -.009781     .024386
       _cons |   .0067849   .0067237     1.01   0.315    -.0065582    .0201279
------------------------------------------------------------------------------
.         log close
      name:  <unnamed>
       log:  C:\Users\Johanna Rayl\Dropbox\HPS\Data\Analysis\output\figures\dem
> and_est.smcl
  log type:  smcl
 closed on:  21 Jun 2017, 13:34:21
-------------------------------------------------------------------------------
