This is pdfTeX, Version 3.14159265-2.6-1.40.18 (TeX Live 2017) (preloaded format=pdflatex 2017.5.23)  18 JUL 2018 12:47
entering extended mode
 restricted \write18 enabled.
 file:line:error style messages enabled.
 %&-line parsing enabled.
**loops.tex
(./loops.tex
LaTeX2e <2017-04-15>
Babel <3.10> and hyphenation patterns for 84 language(s) loaded.
(/usr/local/texlive/2017/texmf-dist/tex/latex/base/article.cls
Document Class: article 2014/09/29 v1.4h Standard LaTeX document class
(/usr/local/texlive/2017/texmf-dist/tex/latex/base/size11.clo
File: size11.clo 2014/09/29 v1.4h Standard LaTeX file (size option)
)
\c@part=\count79
\c@section=\count80
\c@subsection=\count81
\c@subsubsection=\count82
\c@paragraph=\count83
\c@subparagraph=\count84
\c@figure=\count85
\c@table=\count86
\abovecaptionskip=\skip41
\belowcaptionskip=\skip42
\bibindent=\dimen102
)
(/usr/local/texlive/2017/texmf-dist/tex/latex/geometry/geometry.sty
Package: geometry 2010/09/12 v5.6 Page Geometry

(/usr/local/texlive/2017/texmf-dist/tex/latex/graphics/keyval.sty
Package: keyval 2014/10/28 v1.15 key=value parser (DPC)
\KV@toks@=\toks14
)
(/usr/local/texlive/2017/texmf-dist/tex/generic/oberdiek/ifpdf.sty
Package: ifpdf 2017/03/15 v3.2 Provides the ifpdf switch
)
(/usr/local/texlive/2017/texmf-dist/tex/generic/oberdiek/ifvtex.sty
Package: ifvtex 2016/05/16 v1.6 Detect VTeX and its facilities (HO)
Package ifvtex Info: VTeX not detected.
)
(/usr/local/texlive/2017/texmf-dist/tex/generic/ifxetex/ifxetex.sty
Package: ifxetex 2010/09/12 v0.6 Provides ifxetex conditional
)
\Gm@cnth=\count87
\Gm@cntv=\count88
\c@Gm@tempcnt=\count89
\Gm@bindingoffset=\dimen103
\Gm@wd@mp=\dimen104
\Gm@odd@mp=\dimen105
\Gm@even@mp=\dimen106
\Gm@layoutwidth=\dimen107
\Gm@layoutheight=\dimen108
\Gm@layouthoffset=\dimen109
\Gm@layoutvoffset=\dimen110
\Gm@dimlist=\toks15
)
(/usr/local/texlive/2017/texmf-dist/tex/latex/caption/caption.sty
Package: caption 2016/02/21 v3.3-144 Customizing captions (AR)

(/usr/local/texlive/2017/texmf-dist/tex/latex/caption/caption3.sty
Package: caption3 2016/05/22 v1.7-166 caption3 kernel (AR)
Package caption3 Info: TeX engine: e-TeX on input line 67.
\captionmargin=\dimen111
\captionmargin@=\dimen112
\captionwidth=\dimen113
\caption@tempdima=\dimen114
\caption@indent=\dimen115
\caption@parindent=\dimen116
\caption@hangindent=\dimen117
)
\c@ContinuedFloat=\count90
)
(/usr/local/texlive/2017/texmf-dist/tex/latex/float/float.sty
Package: float 2001/11/08 v1.3d Float enhancements (AL)
\c@float@type=\count91
\float@exts=\toks16
\float@box=\box26
\@float@everytoks=\toks17
\@floatcapt=\box27
)
(/usr/local/texlive/2017/texmf-dist/tex/latex/graphics/graphicx.sty
Package: graphicx 2014/10/28 v1.0g Enhanced LaTeX Graphics (DPC,SPQR)

(/usr/local/texlive/2017/texmf-dist/tex/latex/graphics/graphics.sty
Package: graphics 2017/04/14 v1.1b Standard LaTeX Graphics (DPC,SPQR)

(/usr/local/texlive/2017/texmf-dist/tex/latex/graphics/trig.sty
Package: trig 2016/01/03 v1.10 sin cos tan (DPC)
)
(/usr/local/texlive/2017/texmf-dist/tex/latex/graphics-cfg/graphics.cfg
File: graphics.cfg 2016/06/04 v1.11 sample graphics configuration
)
Package graphics Info: Driver file: pdftex.def on input line 99.

(/usr/local/texlive/2017/texmf-dist/tex/latex/graphics-def/pdftex.def
File: pdftex.def 2017/01/12 v0.06k Graphics/color for pdfTeX

(/usr/local/texlive/2017/texmf-dist/tex/generic/oberdiek/infwarerr.sty
Package: infwarerr 2016/05/16 v1.4 Providing info/warning/error messages (HO)
)
(/usr/local/texlive/2017/texmf-dist/tex/generic/oberdiek/ltxcmds.sty
Package: ltxcmds 2016/05/16 v1.23 LaTeX kernel commands for general use (HO)
)
\Gread@gobject=\count92
))
\Gin@req@height=\dimen118
\Gin@req@width=\dimen119
)
(/usr/local/texlive/2017/texmf-dist/tex/latex/pgf/utilities/pgffor.sty
(/usr/local/texlive/2017/texmf-dist/tex/latex/pgf/utilities/pgfrcs.sty
(/usr/local/texlive/2017/texmf-dist/tex/generic/pgf/utilities/pgfutil-common.te
x
\pgfutil@everybye=\toks18
\pgfutil@tempdima=\dimen120
\pgfutil@tempdimb=\dimen121

(/usr/local/texlive/2017/texmf-dist/tex/generic/pgf/utilities/pgfutil-common-li
sts.tex))
(/usr/local/texlive/2017/texmf-dist/tex/generic/pgf/utilities/pgfutil-latex.def
\pgfutil@abb=\box28
(/usr/local/texlive/2017/texmf-dist/tex/latex/ms/everyshi.sty
Package: everyshi 2001/05/15 v3.00 EveryShipout Package (MS)
))
(/usr/local/texlive/2017/texmf-dist/tex/generic/pgf/utilities/pgfrcs.code.tex
Package: pgfrcs 2015/08/07 v3.0.1a (rcs-revision 1.31)
)) (/usr/local/texlive/2017/texmf-dist/tex/latex/pgf/utilities/pgfkeys.sty
(/usr/local/texlive/2017/texmf-dist/tex/generic/pgf/utilities/pgfkeys.code.tex
\pgfkeys@pathtoks=\toks19
\pgfkeys@temptoks=\toks20

(/usr/local/texlive/2017/texmf-dist/tex/generic/pgf/utilities/pgfkeysfiltered.c
ode.tex
\pgfkeys@tmptoks=\toks21
))) (/usr/local/texlive/2017/texmf-dist/tex/latex/pgf/math/pgfmath.sty
(/usr/local/texlive/2017/texmf-dist/tex/generic/pgf/math/pgfmath.code.tex
(/usr/local/texlive/2017/texmf-dist/tex/generic/pgf/math/pgfmathcalc.code.tex
(/usr/local/texlive/2017/texmf-dist/tex/generic/pgf/math/pgfmathutil.code.tex
\pgf@x=\dimen122
\pgf@xa=\dimen123
\pgf@xb=\dimen124
\pgf@xc=\dimen125
\pgf@y=\dimen126
\pgf@ya=\dimen127
\pgf@yb=\dimen128
\pgf@yc=\dimen129
\c@pgf@counta=\count93
\c@pgf@countb=\count94
\c@pgf@countc=\count95
\c@pgf@countd=\count96
)
(/usr/local/texlive/2017/texmf-dist/tex/generic/pgf/math/pgfmathparser.code.tex
\pgfmath@dimen=\dimen130
\pgfmath@count=\count97
\pgfmath@box=\box29
\pgfmath@toks=\toks22
\pgfmath@stack@operand=\toks23
\pgfmath@stack@operation=\toks24
)
(/usr/local/texlive/2017/texmf-dist/tex/generic/pgf/math/pgfmathfunctions.code.
tex
(/usr/local/texlive/2017/texmf-dist/tex/generic/pgf/math/pgfmathfunctions.basic
.code.tex)
(/usr/local/texlive/2017/texmf-dist/tex/generic/pgf/math/pgfmathfunctions.trigo
nometric.code.tex)
(/usr/local/texlive/2017/texmf-dist/tex/generic/pgf/math/pgfmathfunctions.rando
m.code.tex)
(/usr/local/texlive/2017/texmf-dist/tex/generic/pgf/math/pgfmathfunctions.compa
rison.code.tex)
(/usr/local/texlive/2017/texmf-dist/tex/generic/pgf/math/pgfmathfunctions.base.
code.tex)
(/usr/local/texlive/2017/texmf-dist/tex/generic/pgf/math/pgfmathfunctions.round
.code.tex)
(/usr/local/texlive/2017/texmf-dist/tex/generic/pgf/math/pgfmathfunctions.misc.
code.tex)
(/usr/local/texlive/2017/texmf-dist/tex/generic/pgf/math/pgfmathfunctions.integ
erarithmetics.code.tex)))
(/usr/local/texlive/2017/texmf-dist/tex/generic/pgf/math/pgfmathfloat.code.tex
\c@pgfmathroundto@lastzeros=\count98
)))
(/usr/local/texlive/2017/texmf-dist/tex/generic/pgf/utilities/pgffor.code.tex
Package: pgffor 2013/12/13 v3.0.1a (rcs-revision 1.25)

(/usr/local/texlive/2017/texmf-dist/tex/generic/pgf/math/pgfmath.code.tex)
\pgffor@iter=\dimen131
\pgffor@skip=\dimen132
\pgffor@stack=\toks25
\pgffor@toks=\toks26
))

LaTeX Warning: Unused global option(s):
    [reqno].

No file loops.aux.
\openout1 = `loops.aux'.

LaTeX Font Info:    Checking defaults for OML/cmm/m/it on input line 11.
LaTeX Font Info:    ... okay on input line 11.
LaTeX Font Info:    Checking defaults for T1/cmr/m/n on input line 11.
LaTeX Font Info:    ... okay on input line 11.
LaTeX Font Info:    Checking defaults for OT1/cmr/m/n on input line 11.
LaTeX Font Info:    ... okay on input line 11.
LaTeX Font Info:    Checking defaults for OMS/cmsy/m/n on input line 11.
LaTeX Font Info:    ... okay on input line 11.
LaTeX Font Info:    Checking defaults for OMX/cmex/m/n on input line 11.
LaTeX Font Info:    ... okay on input line 11.
LaTeX Font Info:    Checking defaults for U/cmr/m/n on input line 11.
LaTeX Font Info:    ... okay on input line 11.
*geometry* driver: auto-detecting
*geometry* detected driver: pdftex
*geometry* verbose mode - [ preamble ] result:
* driver: pdftex
* paper: <default>
* layout: <same size as paper>
* layoutoffset:(h,v)=(0.0pt,0.0pt)
* modes: 
* h-part:(L,W,R)=(72.26999pt, 469.75502pt, 72.26999pt)
* v-part:(T,H,B)=(72.26999pt, 650.43001pt, 72.26999pt)
* \paperwidth=614.295pt
* \paperheight=794.96999pt
* \textwidth=469.75502pt
* \textheight=650.43001pt
* \oddsidemargin=0.0pt
* \evensidemargin=0.0pt
* \topmargin=-37.0pt
* \headheight=12.0pt
* \headsep=25.0pt
* \topskip=11.0pt
* \footskip=30.0pt
* \marginparwidth=59.0pt
* \marginparsep=10.0pt
* \columnsep=10.0pt
* \skip\footins=10.0pt plus 4.0pt minus 2.0pt
* \hoffset=0.0pt
* \voffset=0.0pt
* \mag=1000
* \@twocolumnfalse
* \@twosidefalse
* \@mparswitchfalse
* \@reversemarginfalse
* (1in=72.27pt=25.4mm, 1cm=28.453pt)

Package caption Info: Begin \AtBeginDocument code.
Package caption Info: float package is loaded.
Package caption Info: End \AtBeginDocument code.
(/usr/local/texlive/2017/texmf-dist/tex/context/base/mkii/supp-pdf.mkii
[Loading MPS to PDF converter (version 2006.09.02).]
\scratchcounter=\count99
\scratchdimen=\dimen133
\scratchbox=\box30
\nofMPsegments=\count100
\nofMParguments=\count101
\everyMPshowfont=\toks27
\MPscratchCnt=\count102
\MPscratchDim=\dimen134
\MPnumerator=\count103
\makeMPintoPDFobject=\count104
\everyMPtoPDFconversion=\toks28
) (/usr/local/texlive/2017/texmf-dist/tex/generic/oberdiek/pdftexcmds.sty
Package: pdftexcmds 2017/03/19 v0.25 Utility functions of pdfTeX for LuaTeX (HO
)

(/usr/local/texlive/2017/texmf-dist/tex/generic/oberdiek/ifluatex.sty
Package: ifluatex 2016/05/16 v1.4 Provides the ifluatex switch (HO)
Package ifluatex Info: LuaTeX not detected.
)
Package pdftexcmds Info: LuaTeX not detected.
Package pdftexcmds Info: \pdf@primitive is available.
Package pdftexcmds Info: \pdf@ifprimitive is available.
Package pdftexcmds Info: \pdfdraftmode found.
)
(/usr/local/texlive/2017/texmf-dist/tex/latex/oberdiek/epstopdf-base.sty
Package: epstopdf-base 2016/05/15 v2.6 Base part for package epstopdf

(/usr/local/texlive/2017/texmf-dist/tex/latex/oberdiek/grfext.sty
Package: grfext 2016/05/16 v1.2 Manage graphics extensions (HO)

(/usr/local/texlive/2017/texmf-dist/tex/generic/oberdiek/kvdefinekeys.sty
Package: kvdefinekeys 2016/05/16 v1.4 Define keys (HO)
))
(/usr/local/texlive/2017/texmf-dist/tex/latex/oberdiek/kvoptions.sty
Package: kvoptions 2016/05/16 v3.12 Key value format for package options (HO)

(/usr/local/texlive/2017/texmf-dist/tex/generic/oberdiek/kvsetkeys.sty
Package: kvsetkeys 2016/05/16 v1.17 Key value parser (HO)

(/usr/local/texlive/2017/texmf-dist/tex/generic/oberdiek/etexcmds.sty
Package: etexcmds 2016/05/16 v1.6 Avoid name clashes with e-TeX commands (HO)
Package etexcmds Info: Could not find \expanded.
(etexcmds)             That can mean that you are not using pdfTeX 1.50 or
(etexcmds)             that some package has redefined \expanded.
(etexcmds)             In the latter case, load this package earlier.
)))
Package epstopdf-base Info: Redefining graphics rule for `.eps' on input line 4
38.
Package grfext Info: Graphics extension search list:
(grfext)             [.png,.pdf,.jpg,.mps,.jpeg,.jbig2,.jb2,.PNG,.PDF,.JPG,.JPE
G,.JBIG2,.JB2,.eps]
(grfext)             \AppendGraphicsExtensions on input line 456.

(/usr/local/texlive/2017/texmf-dist/tex/latex/latexconfig/epstopdf-sys.cfg
File: epstopdf-sys.cfg 2010/07/13 v1.3 Configuration of (r)epstopdf for TeX Liv
e
))
ABD: EveryShipout initializing macros
<china_figures/histograms/area_small_crpt_mayor_mf.pdf, id=1, 1084.05pt x 722.7
pt>
File: china_figures/histograms/area_small_crpt_mayor_mf.pdf Graphic file (type 
pdf)
 <use china_figures/histograms/area_small_crpt_mayor_mf.pdf>
Package pdftex.def Info: china_figures/histograms/area_small_crpt_mayor_mf.pdf 
used on input line 39.
(pdftex.def)             Requested size: 305.33789pt x 203.55661pt.
LaTeX Font Info:    External font `cmex10' loaded for size
(Font)              <10.95> on input line 39.
LaTeX Font Info:    External font `cmex10' loaded for size
(Font)              <8> on input line 39.
LaTeX Font Info:    External font `cmex10' loaded for size
(Font)              <6> on input line 39.

Overfull \hbox (12.0pt too wide) in alignment at lines 39--39
[]
 []


<china_figures/histograms/area_small_noncrpt_mayor_mf.pdf, id=2, 1084.05pt x 72
2.7pt>
File: china_figures/histograms/area_small_noncrpt_mayor_mf.pdf Graphic file (ty
pe pdf)
 <use china_figures/histograms/area_small_noncrpt_mayor_mf.pdf>
Package pdftex.def Info: china_figures/histograms/area_small_noncrpt_mayor_mf.p
df used on input line 39.
(pdftex.def)             Requested size: 305.33789pt x 203.55661pt.

Overfull \hbox (12.0pt too wide) in alignment at lines 39--39
[]
 []


<china_figures/histograms/area_large_crpt_mayor_mf.pdf, id=3, 1084.05pt x 722.7
pt>
File: china_figures/histograms/area_large_crpt_mayor_mf.pdf Graphic file (type 
pdf)
 <use china_figures/histograms/area_large_crpt_mayor_mf.pdf>
Package pdftex.def Info: china_figures/histograms/area_large_crpt_mayor_mf.pdf 
used on input line 39.
(pdftex.def)             Requested size: 305.33789pt x 203.55661pt.

Overfull \hbox (12.0pt too wide) in alignment at lines 39--39
[]
 []


<china_figures/histograms/area_large_noncrpt_mayor_mf.pdf, id=4, 1084.05pt x 72
2.7pt>
File: china_figures/histograms/area_large_noncrpt_mayor_mf.pdf Graphic file (ty
pe pdf)
 <use china_figures/histograms/area_large_noncrpt_mayor_mf.pdf>
Package pdftex.def Info: china_figures/histograms/area_large_noncrpt_mayor_mf.p
df used on input line 39.
(pdftex.def)             Requested size: 305.33789pt x 203.55661pt.

Overfull \hbox (12.0pt too wide) in alignment at lines 39--39
[]
 []

[1

{/usr/local/texlive/2017/texmf-var/fonts/map/pdftex/updmap/pdftex.map} <./china
_figures/histograms/area_small_crpt_mayor_mf.pdf> <./china_figures/histograms/a
rea_small_noncrpt_mayor_mf.pdf>]
<china_figures/histograms/area_small_crpt_mayor_gh.pdf, id=33, 1084.05pt x 722.
7pt>
File: china_figures/histograms/area_small_crpt_mayor_gh.pdf Graphic file (type 
pdf)
 <use china_figures/histograms/area_small_crpt_mayor_gh.pdf>
Package pdftex.def Info: china_figures/histograms/area_small_crpt_mayor_gh.pdf 
used on input line 39.
(pdftex.def)             Requested size: 305.33789pt x 203.55661pt.

Overfull \hbox (12.0pt too wide) in alignment at lines 39--39
[]
 []


<china_figures/histograms/area_small_noncrpt_mayor_gh.pdf, id=34, 1084.05pt x 7
22.7pt>
File: china_figures/histograms/area_small_noncrpt_mayor_gh.pdf Graphic file (ty
pe pdf)
 <use china_figures/histograms/area_small_noncrpt_mayor_gh.pdf>
Package pdftex.def Info: china_figures/histograms/area_small_noncrpt_mayor_gh.p
df used on input line 39.
(pdftex.def)             Requested size: 305.33789pt x 203.55661pt.

Overfull \hbox (12.0pt too wide) in alignment at lines 39--39
[]
 []

[2 <./china_figures/histograms/area_large_crpt_mayor_mf.pdf> <./china_figures/h
istograms/area_large_noncrpt_mayor_mf.pdf>]
<china_figures/histograms/area_large_crpt_mayor_gh.pdf, id=58, 1084.05pt x 722.
7pt>
File: china_figures/histograms/area_large_crpt_mayor_gh.pdf Graphic file (type 
pdf)
 <use china_figures/histograms/area_large_crpt_mayor_gh.pdf>
Package pdftex.def Info: china_figures/histograms/area_large_crpt_mayor_gh.pdf 
used on input line 39.
(pdftex.def)             Requested size: 305.33789pt x 203.55661pt.

Overfull \hbox (12.0pt too wide) in alignment at lines 39--39
[]
 []


<china_figures/histograms/area_large_noncrpt_mayor_gh.pdf, id=59, 1084.05pt x 7
22.7pt>
File: china_figures/histograms/area_large_noncrpt_mayor_gh.pdf Graphic file (ty
pe pdf)
 <use china_figures/histograms/area_large_noncrpt_mayor_gh.pdf>
Package pdftex.def Info: china_figures/histograms/area_large_noncrpt_mayor_gh.p
df used on input line 39.
(pdftex.def)             Requested size: 305.33789pt x 203.55661pt.

Overfull \hbox (12.0pt too wide) in alignment at lines 39--39
[]
 []

[3 <./china_figures/histograms/area_small_crpt_mayor_gh.pdf> <./china_figures/h
istograms/area_small_noncrpt_mayor_gh.pdf>]
<china_figures/histograms/area_small_crpt_ps_mf.pdf, id=83, 1084.05pt x 722.7pt
>
File: china_figures/histograms/area_small_crpt_ps_mf.pdf Graphic file (type pdf
)
 <use china_figures/histograms/area_small_crpt_ps_mf.pdf>
Package pdftex.def Info: china_figures/histograms/area_small_crpt_ps_mf.pdf use
d on input line 39.
(pdftex.def)             Requested size: 305.33789pt x 203.55661pt.

Overfull \hbox (12.0pt too wide) in alignment at lines 39--39
[]
 []


<china_figures/histograms/area_small_noncrpt_ps_mf.pdf, id=84, 1084.05pt x 722.
7pt>
File: china_figures/histograms/area_small_noncrpt_ps_mf.pdf Graphic file (type 
pdf)
 <use china_figures/histograms/area_small_noncrpt_ps_mf.pdf>
Package pdftex.def Info: china_figures/histograms/area_small_noncrpt_ps_mf.pdf 
used on input line 39.
(pdftex.def)             Requested size: 305.33789pt x 203.55661pt.

Overfull \hbox (12.0pt too wide) in alignment at lines 39--39
[]
 []

[4 <./china_figures/histograms/area_large_crpt_mayor_gh.pdf> <./china_figures/h
istograms/area_large_noncrpt_mayor_gh.pdf>]
<china_figures/histograms/area_large_crpt_ps_mf.pdf, id=108, 1084.05pt x 722.7p
t>
File: china_figures/histograms/area_large_crpt_ps_mf.pdf Graphic file (type pdf
)
 <use china_figures/histograms/area_large_crpt_ps_mf.pdf>
Package pdftex.def Info: china_figures/histograms/area_large_crpt_ps_mf.pdf use
d on input line 39.
(pdftex.def)             Requested size: 305.33789pt x 203.55661pt.

Overfull \hbox (12.0pt too wide) in alignment at lines 39--39
[]
 []


<china_figures/histograms/area_large_noncrpt_ps_mf.pdf, id=109, 1084.05pt x 722
.7pt>
File: china_figures/histograms/area_large_noncrpt_ps_mf.pdf Graphic file (type 
pdf)
 <use china_figures/histograms/area_large_noncrpt_ps_mf.pdf>
Package pdftex.def Info: china_figures/histograms/area_large_noncrpt_ps_mf.pdf 
used on input line 39.
(pdftex.def)             Requested size: 305.33789pt x 203.55661pt.

Overfull \hbox (12.0pt too wide) in alignment at lines 39--39
[]
 []

[5 <./china_figures/histograms/area_small_crpt_ps_mf.pdf> <./china_figures/hist
ograms/area_small_noncrpt_ps_mf.pdf>]
<china_figures/histograms/area_small_crpt_ps_gh.pdf, id=133, 1084.05pt x 722.7p
t>
File: china_figures/histograms/area_small_crpt_ps_gh.pdf Graphic file (type pdf
)
 <use china_figures/histograms/area_small_crpt_ps_gh.pdf>
Package pdftex.def Info: china_figures/histograms/area_small_crpt_ps_gh.pdf use
d on input line 39.
(pdftex.def)             Requested size: 305.33789pt x 203.55661pt.

Overfull \hbox (12.0pt too wide) in alignment at lines 39--39
[]
 []


<china_figures/histograms/area_small_noncrpt_ps_gh.pdf, id=134, 1084.05pt x 722
.7pt>
File: china_figures/histograms/area_small_noncrpt_ps_gh.pdf Graphic file (type 
pdf)
 <use china_figures/histograms/area_small_noncrpt_ps_gh.pdf>
Package pdftex.def Info: china_figures/histograms/area_small_noncrpt_ps_gh.pdf 
used on input line 39.
(pdftex.def)             Requested size: 305.33789pt x 203.55661pt.

Overfull \hbox (12.0pt too wide) in alignment at lines 39--39
[]
 []

[6 <./china_figures/histograms/area_large_crpt_ps_mf.pdf> <./china_figures/hist
ograms/area_large_noncrpt_ps_mf.pdf>]
<china_figures/histograms/area_large_crpt_ps_gh.pdf, id=159, 1084.05pt x 722.7p
t>
File: china_figures/histograms/area_large_crpt_ps_gh.pdf Graphic file (type pdf
)
 <use china_figures/histograms/area_large_crpt_ps_gh.pdf>
Package pdftex.def Info: china_figures/histograms/area_large_crpt_ps_gh.pdf use
d on input line 39.
(pdftex.def)             Requested size: 305.33789pt x 203.55661pt.

Overfull \hbox (12.0pt too wide) in alignment at lines 39--39
[]
 []


<china_figures/histograms/area_large_noncrpt_ps_gh.pdf, id=160, 1084.05pt x 722
.7pt>
File: china_figures/histograms/area_large_noncrpt_ps_gh.pdf Graphic file (type 
pdf)
 <use china_figures/histograms/area_large_noncrpt_ps_gh.pdf>
Package pdftex.def Info: china_figures/histograms/area_large_noncrpt_ps_gh.pdf 
used on input line 39.
(pdftex.def)             Requested size: 305.33789pt x 203.55661pt.

Overfull \hbox (12.0pt too wide) in alignment at lines 39--39
[]
 []

[7 <./china_figures/histograms/area_small_crpt_ps_gh.pdf> <./china_figures/hist
ograms/area_small_noncrpt_ps_gh.pdf>] [8 <./china_figures/histograms/area_large
_crpt_ps_gh.pdf> <./china_figures/histograms/area_large_noncrpt_ps_gh.pdf>]
(./loops.aux)

LaTeX Warning: Label(s) may have changed. Rerun to get cross-references right.

 ) 
Here is how much of TeX's memory you used:
 8224 strings out of 492995
 157888 string characters out of 6132704
 183608 words of memory out of 5000000
 11667 multiletter control sequences out of 15000+600000
 7331 words of font info for 26 fonts, out of 8000000 for 9000
 1141 hyphenation exceptions out of 8191
 41i,9n,40p,358b,476s stack positions out of 5000i,500n,10000p,200000b,80000s
</usr/local/texlive/2017/texmf-dist/fonts/type1/public/amsfonts/cm/cmbx10.pfb
></usr/local/texlive/2017/texmf-dist/fonts/type1/public/amsfonts/cm/cmr10.pfb><
/usr/local/texlive/2017/texmf-dist/fonts/type1/public/amsfonts/cm/cmti9.pfb>
Output written on loops.pdf (8 pages, 273843 bytes).
PDF statistics:
 220 PDF objects out of 1000 (max. 8388607)
 157 compressed objects within 2 object streams
 0 named destinations out of 1000 (max. 500000)
 81 words of extra memory for PDF output out of 10000 (max. 10000000)

